202002Tue04Febmessage.svc-afterId-745026144
202002Tue161938:message.svc-afterId-745026144

202002Tue162045:message.svc-afterId-745026144

202002Tue162151:message.svc-afterId-745026144

202002Tue162257:message.svc-afterId-745026144

202002Tue162404:message.svc-afterId-745026144

202002Tue162510:message.svc-afterId-745026144

202002Tue162617:message.svc-afterId-745026144

202002Tue162729:message.svc-afterId-745026144

202002Tue162843:message.svc-afterId-745026144

202002Tue162949:message.svc-afterId-745026144

202002Tue163315:message.svc-afterId-745026144

202002Tue163428:message.svc-afterId-745026144

202002Tue163534:message.svc-afterId-745026144

202002Tue163641:message.svc-afterId-745026144

202002Tue163747:message.svc-afterId-745026144

202002Tue163814:no such table: messageflow
202002Tue163829:no such table: messageflow
202002Tue163850:no such table: messageflow
202002Tue163850:message.svc-Extended-2312064791-**Pro_AB0228-WorkOrder-8a80ea58-1346-400c-b4b0-eb6572077f71

202002Tue163853:message.svc-afterId-745026144

202002Tue164000:message.svc-afterId-745026144

202002Tue164056:Records created successfully
202002Tue164056:message.svc-Extended-2312064791-**Pro_AB0228-WorkOrder-8a80ea58-1346-400c-b4b0-eb6572077f71

202002Tue164106:message.svc-afterId-745026144

202002Tue164213:message.svc-afterId-745026144

202002Tue164304:Records created successfully
202002Tue164319:message.svc-afterId-745026144

202002Tue164348:Records created successfully
202002Tue164348:message.svc-Extended-2312064791-**Pro_AB0228-WorkOrder-8a80ea58-1346-400c-b4b0-eb6572077f71

202002Tue164425:message.svc-afterId-745026144

202002Tue164532:message.svc-afterId-745026144

202002Tue164638:message.svc-afterId-745026144

202002Tue164745:message.svc-afterId-745026144

202002Tue164809:Records created successfully
202002Tue164809:message.svc-Extended-2312064791-**Pro_AB0228-WorkOrder-8a80ea58-1346-400c-b4b0-eb6572077f71

202002Tue164851:message.svc-afterId-745026144

20200211164923:Records created successfully
20200211164923:message.svc-Extended-2312064791-**Pro_AB0228-WorkOrder-8a80ea58-1346-400c-b4b0-eb6572077f71

20200211165005:message.svc-afterId-745026144

20200211165005:Records created successfully
20200211165005:message.svc-Extended-2312064791-**Pro_AB0228-WorkOrder-8a80ea58-1346-400c-b4b0-eb6572077f71

20200211165116:message.svc-afterId-745026144

20200211165223:message.svc-afterId-745026144

20200211165329:message.svc-afterId-745026144

20200211165436:message.svc-afterId-745026144

20200211165542:message.svc-afterId-745026144

20200211165648:message.svc-afterId-745026144

20200211165755:message.svc-afterId-745026144

20200211165901:message.svc-afterId-745026144

20200211170007:message.svc-afterId-745026144

20200211170114:message.svc-afterId-745026144

20200211170220:message.svc-afterId-745026144

20200211170333:message.svc-afterId-745026144

20200211170433:message.svc-afterId-745026144

20200211170539:message.svc-afterId-745026144

20200211170646:message.svc-afterId-745026144

20200211170752:message.svc-afterId-745026144

20200211170858:message.svc-afterId-745026144

20200211171005:message.svc-afterId-745026144

20200211171111:message.svc-afterId-745026144

20200211171217:message.svc-afterId-745026144

20200211171323:message.svc-afterId-745026144

20200211171430:message.svc-afterId-745026144

20200211171536:message.svc-afterId-745026144

20200211171643:message.svc-afterId-745026144

20200211171749:message.svc-afterId-745026144

20200211171856:message.svc-afterId-745026144

20200211172002:message.svc-afterId-745026144

20200211172108:message.svc-afterId-745026144

20200211172215:message.svc-afterId-745026144

20200211172321:message.svc-afterId-745026144

20200211172427:message.svc-afterId-745026144

20200211172534:message.svc-afterId-745026144

20200211172640:message.svc-afterId-745026144

20200211172746:message.svc-afterId-745026144

20200211172853:message.svc-afterId-745026144

20200211172959:message.svc-afterId-745026144

20200211173105:message.svc-afterId-745026144

20200211173212:message.svc-afterId-745026144

20200211173318:message.svc-afterId-745026144

20200211173424:message.svc-afterId-745026144

20200211173530:message.svc-afterId-745026144

20200211173637:message.svc-afterId-745026144

20200211173743:message.svc-afterId-745026144

20200211173849:message.svc-afterId-745026144

20200211173956:message.svc-afterId-745026144

20200211174102:message.svc-afterId-745026144

20200211174209:message.svc-afterId-745026144

20200211174315:message.svc-afterId-745026144

20200211174421:message.svc-afterId-745026144

20200211174528:message.svc-afterId-745026144

20200211174634:message.svc-afterId-745026144

20200211174740:message.svc-afterId-745026144

20200211174847:message.svc-afterId-745026144

20200211174953:message.svc-afterId-745026144

20200211175059:message.svc-afterId-745026144

20200211175206:message.svc-afterId-745026144

20200211175312:message.svc-afterId-745026144

20200211175418:message.svc-afterId-745026144

20200211175525:message.svc-afterId-745026144

20200211175631:message.svc-afterId-745026144

20200211175737:message.svc-afterId-745026144

20200211175844:message.svc-afterId-745026144

20200211175950:message.svc-afterId-745026144

20200211180057:message.svc-afterId-745026144

20200211180203:message.svc-afterId-745026144

20200211180309:message.svc-afterId-745026144

20200211180522:message.svc-afterId-745026144

20200211180628:message.svc-afterId-745026144

20200211180734:message.svc-afterId-745026144

20200211180841:message.svc-afterId-745026144

20200211180947:message.svc-afterId-745026144

20200211181053:message.svc-afterId-745026144

20200211181200:message.svc-afterId-745026144

20200211181306:message.svc-afterId-745026144

20200211181412:message.svc-afterId-745026144

20200211181519:message.svc-afterId-745026144

20200211181625:message.svc-afterId-745026144

20200211181731:message.svc-afterId-745026144

20200211181838:message.svc-afterId-745026144

20200211181944:message.svc-afterId-745026144

20200211182050:message.svc-afterId-745026144

20200211182157:message.svc-afterId-745026144

20200211182303:message.svc-afterId-745026144

20200211182409:message.svc-afterId-745026144

20200211182516:message.svc-afterId-745026144

20200211182622:message.svc-afterId-745026144

20200211182728:message.svc-afterId-745026144

20200211182835:message.svc-afterId-745026144

20200211182941:message.svc-afterId-745026144

20200211183047:message.svc-afterId-745026144

20200211183154:message.svc-afterId-745026144

20200211183300:message.svc-afterId-745026144

20200211183406:message.svc-afterId-745026144

20200211183513:message.svc-afterId-745026144

20200211183619:message.svc-afterId-745026144

20200211183725:message.svc-afterId-745026144

20200211183832:message.svc-afterId-745026144

20200211183938:message.svc-afterId-745026144

20200211184045:message.svc-afterId-745026144

20200211184151:message.svc-afterId-745026144

20200211184257:message.svc-afterId-745026144

20200211184404:message.svc-afterId-745026144

20200211184510:message.svc-afterId-745026144

20200211184617:message.svc-afterId-745026144

20200211184723:message.svc-afterId-745026144

20200211184829:message.svc-afterId-745026144

20200211184936:message.svc-afterId-745026144

20200211185042:message.svc-afterId-745026144

20200211185149:message.svc-afterId-745026144

20200211185255:message.svc-afterId-745026144

20200211185402:message.svc-afterId-745026144

20200211185508:message.svc-afterId-745026144

20200211185614:message.svc-afterId-745026144

20200211185721:message.svc-afterId-745026144

20200211185827:message.svc-afterId-745026144

20200211185933:message.svc-afterId-745026144

20200211190040:message.svc-afterId-745026144

20200211190146:message.svc-afterId-745026144

20200211190252:message.svc-afterId-745026144

20200211190359:message.svc-afterId-745026144

20200211190505:message.svc-afterId-745026144

20200211190612:message.svc-afterId-745026144

20200211190718:message.svc-afterId-745026144

20200211190824:message.svc-afterId-745026144

20200211190930:message.svc-afterId-745026144

20200211191037:message.svc-afterId-745026144

20200211191143:message.svc-afterId-745026144

20200211191249:message.svc-afterId-745026144

20200211191356:message.svc-afterId-745026144

20200211191502:message.svc-afterId-745026144

20200211191608:message.svc-afterId-745026144

20200211191715:message.svc-afterId-745026144

20200211191821:message.svc-afterId-745026144

20200211191927:message.svc-afterId-745026144

20200211192034:message.svc-afterId-745026144

20200211192140:message.svc-afterId-745026144

20200211192247:message.svc-afterId-745026144

20200211192353:message.svc-afterId-745026144

20200211192459:message.svc-afterId-745026144

20200211192605:message.svc-afterId-745026144

20200211192712:message.svc-afterId-745026144

20200211192818:message.svc-afterId-745026144

20200211192925:message.svc-afterId-745026144

20200211193031:message.svc-afterId-745026144

20200211193137:message.svc-afterId-745026144

20200211193243:message.svc-afterId-745026144

20200211193350:message.svc-afterId-745026144

20200211193456:message.svc-afterId-745026144

20200211193602:message.svc-afterId-745026144

20200211193709:message.svc-afterId-745026144

20200211193815:message.svc-afterId-745026144

20200211193921:message.svc-afterId-745026144

20200211194028:message.svc-afterId-745026144

20200211194134:message.svc-afterId-745026144

20200211194240:message.svc-afterId-745026144

20200211194346:message.svc-afterId-745026144

20200211194453:message.svc-afterId-745026144

20200211194559:message.svc-afterId-745026144

20200211194705:message.svc-afterId-745026144

20200211194812:message.svc-afterId-745026144

20200211194918:message.svc-afterId-745026144

20200211195024:message.svc-afterId-745026144

20200211195131:message.svc-afterId-745026144

20200211195237:message.svc-afterId-745026144

20200211195343:message.svc-afterId-745026144

20200211195449:message.svc-afterId-745026144

20200211195556:message.svc-afterId-745026144

20200211195702:message.svc-afterId-745026144

20200211195808:message.svc-afterId-745026144

20200211195915:message.svc-afterId-745026144

20200211200021:message.svc-afterId-745026144

20200211200127:message.svc-afterId-745026144

20200211200234:message.svc-afterId-745026144

20200211200340:message.svc-afterId-745026144

20200211200553:message.svc-afterId-745026144

20200211200659:message.svc-afterId-745026144

20200211200805:message.svc-afterId-745026144

20200211200911:message.svc-afterId-745026144

20200211201017:message.svc-afterId-745026144

20200211201124:message.svc-afterId-745026144

20200211201230:message.svc-afterId-745026144

20200211201336:message.svc-afterId-745026144

20200211201442:message.svc-afterId-745026144

20200211201549:message.svc-afterId-745026144

20200211201655:message.svc-afterId-745026144

20200211201801:message.svc-afterId-745026144

20200211201908:message.svc-afterId-745026144

20200211202014:message.svc-afterId-745026144

20200211202120:message.svc-afterId-745026144

20200211202227:message.svc-afterId-745026144

20200211202333:message.svc-afterId-745026144

20200211202439:message.svc-afterId-745026144

20200211202546:message.svc-afterId-745026144

20200211202652:message.svc-afterId-745026144

20200211202758:message.svc-afterId-745026144

20200211202905:message.svc-afterId-745026144

20200211203011:message.svc-afterId-745026144

20200211203117:message.svc-afterId-745026144

20200211203223:message.svc-afterId-745026144

20200211203330:message.svc-afterId-745026144

20200211203436:message.svc-afterId-745026144

20200211203542:message.svc-afterId-745026144

20200211203649:message.svc-afterId-745026144

20200211203755:message.svc-afterId-745026144

20200211203901:message.svc-afterId-745026144

20200211204007:message.svc-afterId-745026144

20200211204114:message.svc-afterId-745026144

20200211204220:message.svc-afterId-745026144

20200211204326:message.svc-afterId-745026144

20200211204433:message.svc-afterId-745026144

20200211204539:message.svc-afterId-745026144

20200211204645:message.svc-afterId-745026144

20200211204752:message.svc-afterId-745026144

20200211204858:message.svc-afterId-745026144

20200211205004:message.svc-afterId-745026144

20200211205110:message.svc-afterId-745026144

20200211205217:message.svc-afterId-745026144

20200211205323:message.svc-afterId-745026144

20200211205429:message.svc-afterId-745026144

20200211205535:message.svc-afterId-745026144

20200211205642:message.svc-afterId-745026144

20200211205748:message.svc-afterId-745026144

20200211205854:message.svc-afterId-745026144

20200211210000:message.svc-afterId-745026144

20200211210107:message.svc-afterId-745026144

20200211210213:message.svc-afterId-745026144

20200211210319:message.svc-afterId-745026144

20200211210425:message.svc-afterId-745026144

20200211210531:message.svc-afterId-745026144

20200211210638:message.svc-afterId-745026144

20200211210744:message.svc-afterId-745026144

20200211210850:message.svc-afterId-745026144

20200211210956:message.svc-afterId-745026144

20200211211103:message.svc-afterId-745026144

20200211211209:message.svc-afterId-745026144

20200211211315:message.svc-afterId-745026144

20200211211421:message.svc-afterId-745026144

20200211211528:message.svc-afterId-745026144

20200211211634:message.svc-afterId-745026144

20200211211740:message.svc-afterId-745026144

20200211211847:message.svc-afterId-745026144

20200211211953:message.svc-afterId-745026144

20200211212059:message.svc-afterId-745026144

20200211212206:message.svc-afterId-745026144

20200211212312:message.svc-afterId-745026144

20200211212418:message.svc-afterId-745026144

20200211212525:message.svc-afterId-745026144

20200211212631:message.svc-afterId-745026144

20200211212737:message.svc-afterId-745026144

20200211212843:message.svc-afterId-745026144

20200211212950:message.svc-afterId-745026144

20200211213056:message.svc-afterId-745026144

20200211213202:message.svc-afterId-745026144

20200211213308:message.svc-afterId-745026144

20200211213415:message.svc-afterId-745026144

20200211213521:message.svc-afterId-745026144

20200211213627:message.svc-afterId-745026144

20200211213734:message.svc-afterId-745026144

20200211213840:message.svc-afterId-745026144

20200211213946:message.svc-afterId-745026144

20200211214052:message.svc-afterId-745026144

20200211214159:message.svc-afterId-745026144

20200211214305:message.svc-afterId-745026144

20200211214411:message.svc-afterId-745026144

20200211214517:message.svc-afterId-745026144

20200211214624:message.svc-afterId-745026144

20200211214730:message.svc-afterId-745026144

20200211214836:message.svc-afterId-745026144

20200211214942:message.svc-afterId-745026144

20200211215049:message.svc-afterId-745026144

20200211215155:message.svc-afterId-745026144

20200211215301:message.svc-afterId-745026144

20200211215407:message.svc-afterId-745026144

20200211215514:message.svc-afterId-745026144

20200211215620:message.svc-afterId-745026144

20200211215726:message.svc-afterId-745026144

20200211215833:message.svc-afterId-745026144

20200211215939:message.svc-afterId-745026144

20200211220045:message.svc-afterId-745026144

20200211220151:message.svc-afterId-745026144

20200211220258:message.svc-afterId-745026144

20200211220404:message.svc-afterId-745026144

20200211220616:message.svc-afterId-745026144

20200211220723:message.svc-afterId-745026144

20200211220829:message.svc-afterId-745026144

20200211220935:message.svc-afterId-745026144

20200211221041:message.svc-afterId-745026144

20200211221148:message.svc-afterId-745026144

20200211221254:message.svc-afterId-745026144

20200211221400:message.svc-afterId-745026144

20200211221506:message.svc-afterId-745026144

20200211221613:message.svc-afterId-745026144

20200211221719:message.svc-afterId-745026144

20200211221825:message.svc-afterId-745026144

20200211221931:message.svc-afterId-745026144

20200211222038:message.svc-afterId-745026144

20200211222144:message.svc-afterId-745026144

20200211222250:message.svc-afterId-745026144

20200211222356:message.svc-afterId-745026144

20200211222502:message.svc-afterId-745026144

20200211222609:message.svc-afterId-745026144

20200211222715:message.svc-afterId-745026144

20200211222821:message.svc-afterId-745026144

20200211222928:message.svc-afterId-745026144

20200211223034:message.svc-afterId-745026144

20200211223140:message.svc-afterId-745026144

20200211223246:message.svc-afterId-745026144

20200211223352:message.svc-afterId-745026144

20200211223459:message.svc-afterId-745026144

20200211223605:message.svc-afterId-745026144

20200211223711:message.svc-afterId-745026144

20200211223817:message.svc-afterId-745026144

20200211223924:message.svc-afterId-745026144

20200211224030:message.svc-afterId-745026144

20200211224136:message.svc-afterId-745026144

20200211224242:message.svc-afterId-745026144

20200211224349:message.svc-afterId-745026144

20200211224455:message.svc-afterId-745026144

20200211224602:message.svc-afterId-745026144

20200211224708:message.svc-afterId-745026144

20200211224814:message.svc-afterId-745026144

20200211225317:message.svc-afterId-745026144

20200211225423:message.svc-afterId-745026144

20200211225530:message.svc-afterId-745026144

20200211225636:message.svc-afterId-745026144

20200211225742:message.svc-afterId-745026144

20200211225848:message.svc-afterId-745026144

20200211225954:message.svc-afterId-745026144

20200211230100:message.svc-afterId-745026144

20200211230207:message.svc-afterId-745026144

20200211230313:message.svc-afterId-745026144

20200211230419:message.svc-afterId-745026144

20200211230525:message.svc-afterId-745026144

20200211230631:message.svc-afterId-745026144

20200211230738:message.svc-afterId-745026144

20200211230844:message.svc-afterId-745026144

20200211230949:message.svc-afterId-745026144

20200211231056:message.svc-afterId-745026144

20200211231202:message.svc-afterId-745026144

20200211231308:message.svc-afterId-745026144

20200211231414:message.svc-afterId-745026144

20200211231520:message.svc-afterId-745026144

20200211231627:message.svc-afterId-745026144

20200211231733:message.svc-afterId-745026144

20200211231839:message.svc-afterId-745026144

20200211231945:message.svc-afterId-745026144

20200211232051:message.svc-afterId-745026144

20200211232157:message.svc-afterId-745026144

20200211232304:message.svc-afterId-745026144

20200211232409:message.svc-afterId-745026144

20200211232516:message.svc-afterId-745026144

20200211232622:message.svc-afterId-745026144

20200211232728:message.svc-afterId-745026144

20200211232834:message.svc-afterId-745026144

20200211232940:message.svc-afterId-745026144

20200211233047:message.svc-afterId-745026144

20200211233153:message.svc-afterId-745026144

20200211233258:message.svc-afterId-745026144

20200211233405:message.svc-afterId-745026144

20200211233511:message.svc-afterId-745026144

20200211233617:message.svc-afterId-745026144

20200211233723:message.svc-afterId-745026144

20200211233830:message.svc-afterId-745026144

20200211233936:message.svc-afterId-745026144

20200211234041:message.svc-afterId-745026144

20200211234148:message.svc-afterId-745026144

20200211234254:message.svc-afterId-745026144

20200211234400:message.svc-afterId-745026144

20200211234506:message.svc-afterId-745026144

20200211234613:message.svc-afterId-745026145

20200211234718:message.svc-afterId-745026145

20200211234825:message.svc-afterId-745026145

20200211234931:message.svc-afterId-745026145

20200211235037:message.svc-afterId-745026145

20200211235143:message.svc-afterId-745026145

20200211235249:message.svc-afterId-745026145

20200211235355:message.svc-afterId-745026145

20200211235502:message.svc-afterId-745026145

20200211235608:message.svc-afterId-745026145

20200211235714:message.svc-afterId-745026145

20200211235820:message.svc-afterId-745026145

20200211235926:message.svc-afterId-745026145

20200212000032:message.svc-afterId-745026145

20200212000139:message.svc-afterId-745026145

20200212000245:message.svc-afterId-745026145

20200212000351:message.svc-afterId-745026145

20200212000457:message.svc-afterId-745026145

20200212000603:message.svc-afterId-745026145

20200212000710:message.svc-afterId-745026145

20200212000816:message.svc-afterId-745026145

20200212000923:message.svc-afterId-745026145

20200212001029:message.svc-afterId-745026145

20200212001135:message.svc-afterId-745026145

20200212001241:message.svc-afterId-745026145

20200212001348:message.svc-afterId-745026145

20200212001454:message.svc-afterId-745026145

20200212001600:message.svc-afterId-745026145

20200212001706:message.svc-afterId-745026145

20200212001812:message.svc-afterId-745026145

20200212001919:message.svc-afterId-745026145

20200212002025:message.svc-afterId-745026145

20200212002131:message.svc-afterId-745026145

20200212002237:message.svc-afterId-745026145

20200212002344:message.svc-afterId-745026145

20200212002450:message.svc-afterId-745026145

20200212002556:message.svc-afterId-745026145

20200212002702:message.svc-afterId-745026145

20200212002808:message.svc-afterId-745026145

20200212002915:message.svc-afterId-745026145

20200212003021:message.svc-afterId-745026145

20200212003127:message.svc-afterId-745026145

20200212003233:message.svc-afterId-745026145

20200212003339:message.svc-afterId-745026145

20200212003445:message.svc-afterId-745026145

20200212003552:message.svc-afterId-745026145

20200212003658:message.svc-afterId-745026145

20200212003804:message.svc-afterId-745026145

20200212003911:message.svc-afterId-745026145

20200212004017:message.svc-afterId-745026145

20200212004123:message.svc-afterId-745026145

20200212004229:message.svc-afterId-745026145

20200212004335:message.svc-afterId-745026145

20200212004442:message.svc-afterId-745026145

20200212004548:message.svc-afterId-745026145

20200212004654:message.svc-afterId-745026145

20200212004800:message.svc-afterId-745026145

20200212004906:message.svc-afterId-745026145

20200212005013:message.svc-afterId-745026145

20200212005119:message.svc-afterId-745026145

20200212005331:message.svc-afterId-745026145

20200212005438:message.svc-afterId-745026145

20200212005544:message.svc-afterId-745026145

20200212005650:message.svc-afterId-745026145

20200212005756:message.svc-afterId-745026145

20200212005902:message.svc-afterId-745026145

20200212010008:message.svc-afterId-745026145

20200212010115:message.svc-afterId-745026145

20200212010221:message.svc-afterId-745026145

20200212010327:message.svc-afterId-745026145

20200212010433:message.svc-afterId-745026145

20200212010538:message.svc-afterId-745026145

20200212010645:message.svc-afterId-745026145

20200212010752:message.svc-afterId-745026145

20200212010858:message.svc-afterId-745026145

20200212011004:message.svc-afterId-745026145

20200212011111:message.svc-afterId-745026145

20200212011217:message.svc-afterId-745026145

20200212011323:message.svc-afterId-745026145

20200212011429:message.svc-afterId-745026145

20200212011535:message.svc-afterId-745026145

20200212011642:message.svc-afterId-745026145

20200212011748:message.svc-afterId-745026145

20200212011854:message.svc-afterId-745026145

20200212012000:message.svc-afterId-745026145

20200212012107:message.svc-afterId-745026145

20200212012213:message.svc-afterId-745026145

20200212012319:message.svc-afterId-745026145

20200212012425:message.svc-afterId-745026145

20200212012531:message.svc-afterId-745026145

20200212012638:message.svc-afterId-745026145

20200212012744:message.svc-afterId-745026145

20200212012850:message.svc-afterId-745026145

20200212012956:message.svc-afterId-745026145

20200212013103:message.svc-afterId-745026145

20200212013209:message.svc-afterId-745026145

20200212013315:message.svc-afterId-745026145

20200212013421:message.svc-afterId-745026145

20200212013527:message.svc-afterId-745026145

20200212013634:message.svc-afterId-745026145

20200212013740:message.svc-afterId-745026145

20200212013846:message.svc-afterId-745026145

20200212013952:message.svc-afterId-745026145

20200212014058:message.svc-afterId-745026145

20200212014205:message.svc-afterId-745026145

20200212014311:message.svc-afterId-745026145

20200212014417:message.svc-afterId-745026145

20200212014523:message.svc-afterId-745026145

20200212014629:message.svc-afterId-745026145

20200212014736:message.svc-afterId-745026145

20200212014842:message.svc-afterId-745026145

20200212014948:message.svc-afterId-745026145

20200212015054:message.svc-afterId-745026145

20200212015201:message.svc-afterId-745026145

20200212015307:message.svc-afterId-745026145

20200212015413:message.svc-afterId-745026145

20200212015519:message.svc-afterId-745026145

20200212015625:message.svc-afterId-745026145

20200212015732:message.svc-afterId-745026145

20200212015838:message.svc-afterId-745026145

20200212015944:message.svc-afterId-745026145

20200212020050:message.svc-afterId-745026145

20200212020156:message.svc-afterId-745026145

20200212020303:message.svc-afterId-745026145

20200212020409:message.svc-afterId-745026145

20200212020515:message.svc-afterId-745026145

20200212020621:message.svc-afterId-745026145

20200212020727:message.svc-afterId-745026145

20200212020834:message.svc-afterId-745026145

20200212020940:message.svc-afterId-745026145

20200212021046:message.svc-afterId-745026145

20200212021153:message.svc-afterId-745026145

20200212021259:message.svc-afterId-745026145

20200212021405:message.svc-afterId-745026145

20200212021511:message.svc-afterId-745026145

20200212021617:message.svc-afterId-745026145

20200212021724:message.svc-afterId-745026145

20200212021830:message.svc-afterId-745026145

20200212021936:message.svc-afterId-745026145

20200212022042:message.svc-afterId-745026145

20200212022148:message.svc-afterId-745026145

20200212022255:message.svc-afterId-745026145

20200212022401:message.svc-afterId-745026145

20200212022507:message.svc-afterId-745026145

20200212022613:message.svc-afterId-745026145

20200212022723:message.svc-afterId-745026145

20200212022826:message.svc-afterId-745026145

20200212022932:message.svc-afterId-745026145

20200212023038:message.svc-afterId-745026145

20200212023144:message.svc-afterId-745026145

20200212023251:message.svc-afterId-745026145

20200212023357:message.svc-afterId-745026145

20200212023503:message.svc-afterId-745026145

20200212023609:message.svc-afterId-745026145

20200212023715:message.svc-afterId-745026145

20200212023822:message.svc-afterId-745026145

20200212023928:message.svc-afterId-745026145

20200212024034:message.svc-afterId-745026145

20200212024140:message.svc-afterId-745026145

20200212024246:message.svc-afterId-745026145

20200212024353:message.svc-afterId-745026145

20200212024459:message.svc-afterId-745026145

20200212024605:message.svc-afterId-745026145

20200212024711:message.svc-afterId-745026145

20200212024817:message.svc-afterId-745026145

20200212024924:message.svc-afterId-745026145

20200212025030:message.svc-afterId-745026145

20200212025135:message.svc-afterId-745026145

20200212025348:message.svc-afterId-745026145

20200212025455:message.svc-afterId-745026145

20200212025601:message.svc-afterId-745026145

20200212025707:message.svc-afterId-745026145

20200212025813:message.svc-afterId-745026145

20200212025919:message.svc-afterId-745026145

20200212030025:message.svc-afterId-745026145

20200212030132:message.svc-afterId-745026145

20200212030238:message.svc-afterId-745026145

20200212030344:message.svc-afterId-745026145

20200212030450:message.svc-afterId-745026145

20200212030556:message.svc-afterId-745026145

20200212030703:message.svc-afterId-745026145

20200212030809:message.svc-afterId-745026145

20200212030915:message.svc-afterId-745026145

20200212031021:message.svc-afterId-745026145

20200212031128:message.svc-afterId-745026145

20200212031234:message.svc-afterId-745026145

20200212031340:message.svc-afterId-745026145

20200212031446:message.svc-afterId-745026145

20200212031553:message.svc-afterId-745026145

20200212031659:message.svc-afterId-745026145

20200212031805:message.svc-afterId-745026145

20200212031911:message.svc-afterId-745026145

20200212032017:message.svc-afterId-745026145

20200212032123:message.svc-afterId-745026145

20200212032230:message.svc-afterId-745026145

20200212032336:message.svc-afterId-745026145

20200212032442:message.svc-afterId-745026145

20200212032549:message.svc-afterId-745026145

20200212032655:message.svc-afterId-745026145

20200212032801:message.svc-afterId-745026145

20200212032907:message.svc-afterId-745026145

20200212033013:message.svc-afterId-745026145

20200212033120:message.svc-afterId-745026145

20200212033226:message.svc-afterId-745026145

20200212033332:message.svc-afterId-745026145

20200212033438:message.svc-afterId-745026145

20200212033544:message.svc-afterId-745026145

20200212033651:message.svc-afterId-745026145

20200212033757:message.svc-afterId-745026145

20200212033902:message.svc-afterId-745026145

20200212034009:message.svc-afterId-745026145

20200212034116:message.svc-afterId-745026145

20200212034222:message.svc-afterId-745026145

